Arguments: 
  /home/sergey/.nvm/versions/node/v10.16.0/bin/node /usr/share/yarn/bin/yarn.js init

PATH: 
  /home/sergey/.nvm/versions/node/v10.16.0/bin:/home/sergey/.rvm/gems/ruby-2.6.0/bin:/home/sergey/.rvm/gems/ruby-2.6.0@global/bin:/home/sergey/.rvm/rubies/ruby-2.6.0/bin:/usr/local/sbin:/usr/local/bin:/usr/sbin:/usr/bin:/sbin:/bin:/usr/games:/usr/local/games:/snap/bin:/opt/maven/bin:/home/sergey/.rvm/bin:/opt/maven/bin:/home/sergey/.rvm/bin:/home/sergey/.rvm/bin:/home/sergey/.rvm/bin

Yarn version: 
  1.17.3

Node version: 
  10.16.0

Platform: 
  linux x64

Trace: 
  Error: canceled
      at Interface.<anonymous> (/usr/share/yarn/lib/cli.js:136724:13)
      at Interface.emit (events.js:198:13)
      at Interface._ttyWrite (readline.js:801:16)
      at ReadStream.onkeypress (readline.js:184:10)
      at ReadStream.emit (events.js:198:13)
      at emitKeys (internal/readline.js:424:14)
      at emitKeys.next (<anonymous>)
      at ReadStream.onData (readline.js:1075:36)
      at ReadStream.emit (events.js:198:13)
      at addChunk (_stream_readable.js:288:12)

npm manifest: 
  No manifest

yarn manifest: 
  No manifest

Lockfile: 
  No lockfile
